

"}
{"time": "2025-02-24T19:53:45.546518+0000", "level": "CRITICAL", "message": "An Critical Error has occurred: Too Many Connections and 3 risk score on 2025-02-24 19:53:45
"}
{"time": "2025-02-24T19:53:45.557927+0000", "level": "CRITICAL", "message": "An Critical Error has occurred: Network Issue and 2 risk score on 2025-02-24 19:53:45
"}
{"time": "2025-02-24T19:53:45.567616+0000", "level": "CRITICAL", "message": "An Critical Error has occurred: Memory Leak and 3 risk score on 2025-02-24 19:53:45
"}
{"time": "2025-02-24T19:53:45.575668+0000", "level": "WARNING", "message": "An Warning has occurred: Missing Index Warning and 3 risk score on 2025-02-24 19:53:45
"}
{"time": "2025-02-24T19:53:45.583325+0000", "level": "ERROR", "message": "An Error has occurred: Database Connection Lost and 6 risk score on 2025-02-24 19:53:45
"}
{"time": "2025-02-24T19:53:45.590841+0000", "level": "CRITICAL", "message": "An Critical Error has occurred: Too Many Connections and 3 risk score on 2025-02-24 19:53:45
"}
{"time": "2025-02-24T19:53:45.598779+0000", "level": "WARNING", "message": "An Warning has occurred: Database Connection Lost and 3 risk score on 2025-02-24 19:53:45
"}
{"time": "2025-02-24T19:53:45.606304+0000", "level": "CRITICAL", "message": "An Critical Error has occurred: Memory Leak and 3 risk score on 2025-02-24 19:53:45
"}
{"time": "2025-02-24T19:53:45.613480+0000", "level": "WARNING", "message": "An Warning has occurred: Memory Leak and 3 risk score on 2025-02-24 19:53:45
"}
{"time": "2025-02-24T19:53:45.620559+0000", "level": "CRITICAL", "message": "An Critical Error has occurred: Memory Leak and 3 risk score on 2025-02-24 19:53:45
"}
{"time": "2025-02-24T19:53:45.627953+0000", "level": "ERROR", "message": "An Error has occurred: Missing Index Warning and 6 risk score on 2025-02-24 19:53:45
"}
{"time": "2025-02-24T19:53:45.635141+0000", "level": "WARNING", "message": "An Warning has occurred: Network Issue and 2 risk score on 2025-02-24 19:53:45
"}
{"time": "2025-02-24T19:53:45.642555+0000", "level": "WARNING", "message": "An Warning has occurred: Network Issue and 2 risk score on 2025-02-24 19:53:45
"}
{"time": "2025-02-24T19:53:45.650594+0000", "level": "WARNING", "message": "An Warning has occurred: Missing Index Warning and 3 risk score on 2025-02-24 19:53:45
"}
{"time": "2025-02-24T19:53:45.658138+0000", "level": "ERROR", "message": "An Error has occurred: Inconsistent Data Found and 4 risk score on 2025-02-24 19:53:45
"}
{"time": "2025-02-24T19:53:45.666401+0000", "level": "ERROR", "message": "An Error has occurred: Too Many Connections and 6 risk score on 2025-02-24 19:53:45
"}
{"time": "2025-02-24T19:53:45.674307+0000", "level": "CRITICAL", "message": "An Critical Error has occurred: Database Connection Lost and 3 risk score on 2025-02-24 19:53:45
"}
{"time": "2025-02-24T19:53:45.681798+0000", "level": "ERROR", "message": "An Error has occurred: Missing Index Warning and 6 risk score on 2025-02-24 19:53:45
"}
{"time": "2025-02-24T19:53:45.690177+0000", "level": "WARNING", "message": "An Warning has occurred: Database Connection Lost and 3 risk score on 2025-02-24 19:53:45
"}
{"time": "2025-02-24T19:53:45.697209+0000", "level": "ERROR", "message": "An Error has occurred: Too Many Connections and 6 risk score on 2025-02-24 19:53:45
"}
{"time": "2025-02-24T19:56:01.040990+0000", "level": "ERROR", "message": "An Error has occurred: Inconsistent Data Found and 5 risk score on 2025-02-24 19:56:00
"}
{"time": "2025-02-24T19:56:01.050277+0000", "level": "ERROR", "message": "An Error has occurred: Too Many Connections and 5 risk score on 2025-02-24 19:56:01
"}
{"time": "2025-02-24T19:56:01.058461+0000", "level": "CRITICAL", "message": "An Critical Error has occurred: Missing Index Warning and 2 risk score on 2025-02-24 19:56:01
"}
{"time": "2025-02-24T19:56:01.101265+0000", "level": "WARNING", "message": "An Warning has occurred: Inconsistent Data Found and 2 risk score on 2025-02-24 19:56:01
"}
{"time": "2025-02-24T19:56:01.122460+0000", "level": "ERROR", "message": "An Error has occurred: Database Connection Lost and 5 risk score on 2025-02-24 19:56:01
"}
{"time": "2025-02-24T19:56:01.136721+0000", "level": "CRITICAL", "message": "An Critical Error has occurred: Network Issue and 5 risk score on 2025-02-24 19:56:01
"}
{"time": "2025-02-24T19:56:01.145363+0000", "level": "WARNING", "message": "An Warning has occurred: Memory Leak and 2 risk score on 2025-02-24 19:56:01
"}
{"time": "2025-02-24T19:56:01.152707+0000", "level": "WARNING", "message": "An Warning has occurred: Network Issue and 5 risk score on 2025-02-24 19:56:01
"}
{"time": "2025-02-24T19:56:01.159519+0000", "level": "CRITICAL", "message": "An Critical Error has occurred: Network Issue and 5 risk score on 2025-02-24 19:56:01
"}
{"time": "2025-02-24T19:56:01.166131+0000", "level": "CRITICAL", "message": "An Critical Error has occurred: Memory Leak and 2 risk score on 2025-02-24 19:56:01
"}
{"time": "2025-02-24T19:56:01.172472+0000", "level": "CRITICAL", "message": "An Critical Error has occurred: Network Issue and 5 risk score on 2025-02-24 19:56:01
"}
{"time": "2025-02-24T19:56:01.179592+0000", "level": "ERROR", "message": "An Error has occurred: Database Connection Lost and 5 risk score on 2025-02-24 19:56:01
"}
{"time": "2025-02-24T19:56:01.187285+0000", "level": "CRITICAL", "message": "An Critical Error has occurred: Missing Index Warning and 2 risk score on 2025-02-24 19:56:01
"}
{"time": "2025-02-24T19:56:01.194199+0000", "level": "ERROR", "message": "An Error has occurred: Missing Index Warning and 5 risk score on 2025-02-24 19:56:01
"}
{"time": "2025-02-24T19:56:01.200354+0000", "level": "ERROR", "message": "An Error has occurred: Network Issue and 8 risk score on 2025-02-24 19:56:01
"}
{"time": "2025-02-24T19:56:01.206795+0000", "level": "WARNING", "message": "An Warning has occurred: Network Issue and 5 risk score on 2025-02-24 19:56:01
"}
{"time": "2025-02-24T19:56:01.215603+0000", "level": "CRITICAL", "message": "An Critical Error has occurred: Too Many Connections and 2 risk score on 2025-02-24 19:56:01
"}
{"time": "2025-02-24T19:56:01.223672+0000", "level": "CRITICAL", "message": "An Critical Error has occurred: Memory Leak and 2 risk score on 2025-02-24 19:56:01
"}
{"time": "2025-02-24T19:56:01.231083+0000", "level": "WARNING", "message": "An Warning has occurred: Network Issue and 5 risk score on 2025-02-24 19:56:01
"}
{"time": "2025-02-24T19:56:01.237779+0000", "level": "ERROR", "message": "An Error has occurred: Network Issue and 8 risk score on 2025-02-24 19:56:01
"}
{"time": "2025-02-24T19:59:13.118530+0000", "level": "WARNING", "message": "An Warning has occurred: Too Many Connections and 3 risk score on 2025-02-24 19:59:12
"}
{"time": "2025-02-24T19:59:13.127978+0000", "level": "CRITICAL", "message": "An Critical Error has occurred: Missing Index Warning and 4 risk score on 2025-02-24 19:59:13
"}
{"time": "2025-02-24T19:59:13.135971+0000", "level": "CRITICAL", "message": "An Critical Error has occurred: Too Many Connections and 3 risk score on 2025-02-24 19:59:13
"}
{"time": "2025-02-24T19:59:13.144688+0000", "level": "WARNING", "message": "An Warning has occurred: Missing Index Warning and 4 risk score on 2025-02-24 19:59:13
"}
{"time": "2025-02-24T19:59:13.152380+0000", "level": "WARNING", "message": "An Warning has occurred: Network Issue and 2 risk score on 2025-02-24 19:59:13
"}
{"time": "2025-02-24T19:59:13.159800+0000", "level": "CRITICAL", "message": "An Critical Error has occurred: Missing Index Warning and 4 risk score on 2025-02-24 19:59:13
"}
{"time": "2025-02-24T19:59:13.166881+0000", "level": "ERROR", "message": "An Error has occurred: Missing Index Warning and 7 risk score on 2025-02-24 19:59:13
"}
{"time": "2025-02-24T19:59:13.173988+0000", "level": "CRITICAL", "message": "An Critical Error has occurred: Inconsistent Data Found and 2 risk score on 2025-02-24 19:59:13
"}
{"time": "2025-02-24T19:59:13.180847+0000", "level": "CRITICAL", "message": "An Critical Error has occurred: Too Many Connections and 3 risk score on 2025-02-24 19:59:13
"}
{"time": "2025-02-24T19:59:13.187467+0000", "level": "WARNING", "message": "An Warning has occurred: Memory Leak and 2 risk score on 2025-02-24 19:59:13
"}
{"time": "2025-02-24T19:59:13.194528+0000", "level": "CRITICAL", "message": "An Critical Error has occurred: Database Connection Lost and 2 risk score on 2025-02-24 19:59:13
"}
{"time": "2025-02-24T19:59:13.202341+0000", "level": "WARNING", "message": "An Warning has occurred: Too Many Connections and 3 risk score on 2025-02-24 19:59:13
"}
{"time": "2025-02-24T19:59:13.209200+0000", "level": "WARNING", "message": "An Warning has occurred: Missing Index Warning and 4 risk score on 2025-02-24 19:59:13
"}
{"time": "2025-02-24T19:59:13.216817+0000", "level": "ERROR", "message": "An Error has occurred: Memory Leak and 5 risk score on 2025-02-24 19:59:13
"}
{"time": "2025-02-24T19:59:13.223596+0000", "level": "ERROR", "message": "An Error has occurred: Database Connection Lost and 5 risk score on 2025-02-24 19:59:13
"}
{"time": "2025-02-24T19:59:13.230551+0000", "level": "ERROR", "message": "An Error has occurred: Database Connection Lost and 5 risk score on 2025-02-24 19:59:13
"}
{"time": "2025-02-24T19:59:13.240614+0000", "level": "WARNING", "message": "An Warning has occurred: Inconsistent Data Found and 2 risk score on 2025-02-24 19:59:13
"}
{"time": "2025-02-24T19:59:13.250203+0000", "level": "WARNING", "message": "An Warning has occurred: Network Issue and 2 risk score on 2025-02-24 19:59:13
"}
{"time": "2025-02-24T19:59:13.257548+0000", "level": "CRITICAL", "message": "An Critical Error has occurred: Missing Index Warning and 4 risk score on 2025-02-24 19:59:13
"}
{"time": "2025-02-24T19:59:13.264622+0000", "level": "WARNING", "message": "An Warning has occurred: Network Issue and 2 risk score on 2025-02-24 19:59:13
"}
{"time": "2025-02-24T20:07:15.662800+0000", "level": "WARNING", "message": "An Warning has occurred: Network Issue and 3 risk score on 2025-02-24 20:07:15
"}
{"time": "2025-02-24T20:07:15.671714+0000", "level": "ERROR", "message": "An Error has occurred: Too Many Connections and 6 risk score on 2025-02-24 20:07:15
"}
{"time": "2025-02-24T20:07:15.679635+0000", "level": "WARNING", "message": "An Warning has occurred: Inconsistent Data Found and 3 risk score on 2025-02-24 20:07:15
"}
{"time": "2025-02-24T20:07:15.687745+0000", "level": "WARNING", "message": "An Warning has occurred: Too Many Connections and 3 risk score on 2025-02-24 20:07:15
"}
{"time": "2025-02-24T20:07:15.694814+0000", "level": "ERROR", "message": "An Error has occurred: Memory Leak and 6 risk score on 2025-02-24 20:07:15
"}
{"time": "2025-02-24T20:07:15.701871+0000", "level": "CRITICAL", "message": "An Critical Error has occurred: Too Many Connections and 3 risk score on 2025-02-24 20:07:15
"}
{"time": "2025-02-24T20:07:15.708850+0000", "level": "ERROR", "message": "An Error has occurred: Memory Leak and 6 risk score on 2025-02-24 20:07:15
"}
{"time": "2025-02-24T20:07:15.715648+0000", "level": "ERROR", "message": "An Error has occurred: Missing Index Warning and 5 risk score on 2025-02-24 20:07:15
"}
{"time": "2025-02-24T20:07:15.725267+0000", "level": "ERROR", "message": "An Error has occurred: Inconsistent Data Found and 6 risk score on 2025-02-24 20:07:15
"}
{"time": "2025-02-24T20:07:15.733076+0000", "level": "CRITICAL", "message": "An Critical Error has occurred: Inconsistent Data Found and 3 risk score on 2025-02-24 20:07:15
"}
{"time": "2025-02-24T20:07:15.739815+0000", "level": "CRITICAL", "message": "An Critical Error has occurred: Memory Leak and 3 risk score on 2025-02-24 20:07:15
"}
{"time": "2025-02-24T20:07:15.747283+0000", "level": "ERROR", "message": "An Error has occurred: Inconsistent Data Found and 6 risk score on 2025-02-24 20:07:15
"}
{"time": "2025-02-24T20:07:15.754194+0000", "level": "ERROR", "message": "An Error has occurred: Network Issue and 6 risk score on 2025-02-24 20:07:15
"}
{"time": "2025-02-24T20:07:15.761423+0000", "level": "WARNING", "message": "An Warning has occurred: Network Issue and 3 risk score on 2025-02-24 20:07:15
"}
{"time": "2025-02-24T20:07:15.767790+0000", "level": "WARNING", "message": "An Warning has occurred: Database Connection Lost and 1 risk score on 2025-02-24 20:07:15
"}
{"time": "2025-02-24T20:07:15.774540+0000", "level": "WARNING", "message": "An Warning has occurred: Network Issue and 3 risk score on 2025-02-24 20:07:15
"}
{"time": "2025-02-24T20:07:15.781610+0000", "level": "CRITICAL", "message": "An Critical Error has occurred: Missing Index Warning and 2 risk score on 2025-02-24 20:07:15
"}
{"time": "2025-02-24T20:07:15.789705+0000", "level": "ERROR", "message": "An Error has occurred: Too Many Connections and 6 risk score on 2025-02-24 20:07:15
"}
{"time": "2025-02-24T20:07:15.798103+0000", "level": "CRITICAL", "message": "An Critical Error has occurred: Network Issue and 3 risk score on 2025-02-24 20:07:15
"}
{"time": "2025-02-24T20:07:15.805456+0000", "level": "WARNING", "message": "An Warning has occurred: Memory Leak and 3 risk score on 2025-02-24 20:07:15
"}
{"time": "2025-02-24T20:08:01.623647+0000", "level": "WARNING", "message": "An Warning has occurred: Database Connection Lost and 2 risk score on 2025-02-24 20:08:01
"}
{"time": "2025-02-24T20:08:01.632227+0000", "level": "ERROR", "message": "An Error has occurred: Too Many Connections and 7 risk score on 2025-02-24 20:08:01
"}
{"time": "2025-02-24T20:08:01.639225+0000", "level": "WARNING", "message": "An Warning has occurred: Network Issue and 2 risk score on 2025-02-24 20:08:01
"}
{"time": "2025-02-24T20:08:01.645961+0000", "level": "WARNING", "message": "An Warning has occurred: Database Connection Lost and 2 risk score on 2025-02-24 20:08:01
"}
{"time": "2025-02-24T20:08:01.653235+0000", "level": "CRITICAL", "message": "An Critical Error has occurred: Too Many Connections and 4 risk score on 2025-02-24 20:08:01
"}
{"time": "2025-02-24T20:08:01.659711+0000", "level": "ERROR", "message": "An Error has occurred: Too Many Connections and 7 risk score on 2025-02-24 20:08:01
"}
{"time": "2025-02-24T20:08:01.666316+0000", "level": "WARNING", "message": "An Warning has occurred: Missing Index Warning and 2 risk score on 2025-02-24 20:08:01
"}
{"time": "2025-02-24T20:08:01.673277+0000", "level": "WARNING", "message": "An Warning has occurred: Inconsistent Data Found and 1 risk score on 2025-02-24 20:08:01
"}
{"time": "2025-02-24T20:08:01.680092+0000", "level": "CRITICAL", "message": "An Critical Error has occurred: Memory Leak and 2 risk score on 2025-02-24 20:08:01
"}
{"time": "2025-02-24T20:08:01.686778+0000", "level": "CRITICAL", "message": "An Critical Error has occurred: Memory Leak and 2 risk score on 2025-02-24 20:08:01
"}
{"time": "2025-02-24T20:08:01.694496+0000", "level": "WARNING", "message": "An Warning has occurred: Network Issue and 2 risk score on 2025-02-24 20:08:01
"}
{"time": "2025-02-24T20:08:01.701053+0000", "level": "CRITICAL", "message": "An Critical Error has occurred: Missing Index Warning and 2 risk score on 2025-02-24 20:08:01
"}
{"time": "2025-02-24T20:08:01.709177+0000", "level": "CRITICAL", "message": "An Critical Error has occurred: Too Many Connections and 4 risk score on 2025-02-24 20:08:01
"}
{"time": "2025-02-24T20:08:01.717780+0000", "level": "WARNING", "message": "An Warning has occurred: Network Issue and 2 risk score on 2025-02-24 20:08:01
"}
{"time": "2025-02-24T20:08:01.724939+0000", "level": "CRITICAL", "message": "An Critical Error has occurred: Too Many Connections and 4 risk score on 2025-02-24 20:08:01
"}
{"time": "2025-02-24T20:08:01.731912+0000", "level": "ERROR", "message": "An Error has occurred: Too Many Connections and 7 risk score on 2025-02-24 20:08:01
"}
{"time": "2025-02-24T20:08:01.738188+0000", "level": "WARNING", "message": "An Warning has occurred: Database Connection Lost and 2 risk score on 2025-02-24 20:08:01
"}
{"time": "2025-02-24T20:08:01.744586+0000", "level": "CRITICAL", "message": "An Critical Error has occurred: Missing Index Warning and 2 risk score on 2025-02-24 20:08:01
"}
{"time": "2025-02-24T20:08:01.751145+0000", "level": "WARNING", "message": "An Warning has occurred: Too Many Connections and 4 risk score on 2025-02-24 20:08:01
"}
{"time": "2025-02-24T20:08:01.757684+0000", "level": "ERROR", "message": "An Error has occurred: Memory Leak and 5 risk score on 2025-02-24 20:08:01
"}
{"time": "2025-02-24T20:10:10.100489+0000", "level": "CRITICAL", "message": "An Critical Error has occurred: Inconsistent Data Found and 3 risk score on 2025-02-24 20:10:09
"}
{"time": "2025-02-24T20:10:10.110555+0000", "level": "WARNING", "message": "An Warning has occurred: Inconsistent Data Found and 3 risk score on 2025-02-24 20:10:10
"}
{"time": "2025-02-24T20:10:10.119545+0000", "level": "WARNING", "message": "An Warning has occurred: Too Many Connections and 3 risk score on 2025-02-24 20:10:10
"}
{"time": "2025-02-24T20:10:10.129902+0000", "level": "ERROR", "message": "An Error has occurred: Database Connection Lost and 6 risk score on 2025-02-24 20:10:10
"}
{"time": "2025-02-24T20:10:10.139102+0000", "level": "ERROR", "message": "An Error has occurred: Inconsistent Data Found and 6 risk score on 2025-02-24 20:10:10
"}
{"time": "2025-02-24T20:10:10.147288+0000", "level": "ERROR", "message": "An Error has occurred: Database Connection Lost and 6 risk score on 2025-02-24 20:10:10
"}
{"time": "2025-02-24T20:10:10.155184+0000", "level": "ERROR", "message": "An Error has occurred: Database Connection Lost and 6 risk score on 2025-02-24 20:10:10
"}
{"time": "2025-02-24T20:10:10.162949+0000", "level": "CRITICAL", "message": "An Critical Error has occurred: Database Connection Lost and 3 risk score on 2025-02-24 20:10:10
"}
{"time": "2025-02-24T20:10:10.170372+0000", "level": "ERROR", "message": "An Error has occurred: Too Many Connections and 6 risk score on 2025-02-24 20:10:10
"}
{"time": "2025-02-24T20:10:10.177350+0000", "level": "CRITICAL", "message": "An Critical Error has occurred: Missing Index Warning and 2 risk score on 2025-02-24 20:10:10
"}
{"time": "2025-02-24T20:10:10.184262+0000", "level": "CRITICAL", "message": "An Critical Error has occurred: Inconsistent Data Found and 3 risk score on 2025-02-24 20:10:10
"}
{"time": "2025-02-24T20:10:10.191099+0000", "level": "ERROR", "message": "An Error has occurred: Database Connection Lost and 6 risk score on 2025-02-24 20:10:10
"}
{"time": "2025-02-24T20:10:10.197843+0000", "level": "ERROR", "message": "An Error has occurred: Network Issue and 5 risk score on 2025-02-24 20:10:10
"}
{"time": "2025-02-24T20:10:10.204770+0000", "level": "CRITICAL", "message": "An Critical Error has occurred: Network Issue and 2 risk score on 2025-02-24 20:10:10
"}
{"time": "2025-02-24T20:10:10.211879+0000", "level": "WARNING", "message": "An Warning has occurred: Too Many Connections and 3 risk score on 2025-02-24 20:10:10
"}
{"time": "2025-02-24T20:10:10.218570+0000", "level": "CRITICAL", "message": "An Critical Error has occurred: Missing Index Warning and 2 risk score on 2025-02-24 20:10:10
"}
{"time": "2025-02-24T20:10:10.227759+0000", "level": "CRITICAL", "message": "An Critical Error has occurred: Too Many Connections and 3 risk score on 2025-02-24 20:10:10
"}
{"time": "2025-02-24T20:10:10.241046+0000", "level": "CRITICAL", "message": "An Critical Error has occurred: Inconsistent Data Found and 3 risk score on 2025-02-24 20:10:10
"}
{"time": "2025-02-24T20:10:10.247854+0000", "level": "WARNING", "message": "An Warning has occurred: Network Issue and 2 risk score on 2025-02-24 20:10:10
"}
{"time": "2025-02-24T20:10:10.254312+0000", "level": "ERROR", "message": "An Error has occurred: Too Many Connections and 6 risk score on 2025-02-24 20:10:10
"}
{"time": "2025-02-24T20:14:26.651616+0000", "level": "CRITICAL", "message": "An Critical Error has occurred: Too Many Connections and 2 risk score on 2025-02-24 20:14:26
"}
{"time": "2025-02-24T20:14:26.660353+0000", "level": "CRITICAL", "message": "An Critical Error has occurred: Missing Index Warning and 2 risk score on 2025-02-24 20:14:26
"}
{"time": "2025-02-24T20:14:26.667732+0000", "level": "CRITICAL", "message": "An Critical Error has occurred: Memory Leak and 3 risk score on 2025-02-24 20:14:26
"}
{"time": "2025-02-24T20:14:26.674626+0000", "level": "WARNING", "message": "An Warning has occurred: Network Issue and 3 risk score on 2025-02-24 20:14:26
"}
{"time": "2025-02-24T20:14:26.681313+0000", "level": "WARNING", "message": "An Warning has occurred: Memory Leak and 3 risk score on 2025-02-24 20:14:26
"}
{"time": "2025-02-24T20:14:26.689406+0000", "level": "ERROR", "message": "An Error has occurred: Memory Leak and 6 risk score on 2025-02-24 20:14:26
"}
{"time": "2025-02-24T20:14:26.697694+0000", "level": "WARNING", "message": "An Warning has occurred: Missing Index Warning and 2 risk score on 2025-02-24 20:14:26
"}
{"time": "2025-02-24T20:14:26.706484+0000", "level": "CRITICAL", "message": "An Critical Error has occurred: Network Issue and 3 risk score on 2025-02-24 20:14:26
"}
{"time": "2025-02-24T20:14:26.713281+0000", "level": "CRITICAL", "message": "An Critical Error has occurred: Network Issue and 3 risk score on 2025-02-24 20:14:26
"}
{"time": "2025-02-24T20:14:26.720172+0000", "level": "ERROR", "message": "An Error has occurred: Missing Index Warning and 5 risk score on 2025-02-24 20:14:26
"}
{"time": "2025-02-24T20:14:26.727063+0000", "level": "WARNING", "message": "An Warning has occurred: Network Issue and 3 risk score on 2025-02-24 20:14:26
"}
{"time": "2025-02-24T20:14:26.734416+0000", "level": "WARNING", "message": "An Warning has occurred: Memory Leak and 3 risk score on 2025-02-24 20:14:26
"}
{"time": "2025-02-24T20:14:26.742030+0000", "level": "WARNING", "message": "An Warning has occurred: Memory Leak and 3 risk score on 2025-02-24 20:14:26
"}
{"time": "2025-02-24T20:14:26.749784+0000", "level": "CRITICAL", "message": "An Critical Error has occurred: Too Many Connections and 2 risk score on 2025-02-24 20:14:26
"}
{"time": "2025-02-24T20:14:26.756412+0000", "level": "ERROR", "message": "An Error has occurred: Database Connection Lost and 5 risk score on 2025-02-24 20:14:26
"}
{"time": "2025-02-24T20:14:26.762975+0000", "level": "WARNING", "message": "An Warning has occurred: Inconsistent Data Found and 1 risk score on 2025-02-24 20:14:26
"}
{"time": "2025-02-24T20:14:26.769308+0000", "level": "WARNING", "message": "An Warning has occurred: Database Connection Lost and 2 risk score on 2025-02-24 20:14:26
"}
{"time": "2025-02-24T20:14:26.777477+0000", "level": "WARNING", "message": "An Warning has occurred: Network Issue and 3 risk score on 2025-02-24 20:14:26
"}
{"time": "2025-02-24T20:14:26.784730+0000", "level": "ERROR", "message": "An Error has occurred: Database Connection Lost and 5 risk score on 2025-02-24 20:14:26
"}
{"time": "2025-02-24T20:14:26.792235+0000", "level": "ERROR", "message": "An Error has occurred: Too Many Connections and 5 risk score on 2025-02-24 20:14:26
"}
{"time": "2025-02-24T20:17:17.605689+0000", "level": "ERROR", "message": "An Error has occurred: Network Issue and 5 risk score on 2025-02-24 20:17:17
"}
{"time": "2025-02-24T20:17:17.614811+0000", "level": "CRITICAL", "message": "An Critical Error has occurred: Too Many Connections and 2 risk score on 2025-02-24 20:17:17
"}
{"time": "2025-02-24T20:17:17.622273+0000", "level": "WARNING", "message": "An Warning has occurred: Memory Leak and 4 risk score on 2025-02-24 20:17:17
"}
{"time": "2025-02-24T20:17:17.629314+0000", "level": "WARNING", "message": "An Warning has occurred: Memory Leak and 4 risk score on 2025-02-24 20:17:17
"}
{"time": "2025-02-24T20:17:17.636221+0000", "level": "ERROR", "message": "An Error has occurred: Memory Leak and 7 risk score on 2025-02-24 20:17:17
"}
{"time": "2025-02-24T20:17:17.643711+0000", "level": "ERROR", "message": "An Error has occurred: Network Issue and 5 risk score on 2025-02-24 20:17:17
"}
{"time": "2025-02-24T20:17:17.650853+0000", "level": "WARNING", "message": "An Warning has occurred: Inconsistent Data Found and 2 risk score on 2025-02-24 20:17:17
"}
{"time": "2025-02-24T20:17:17.657931+0000", "level": "CRITICAL", "message": "An Critical Error has occurred: Memory Leak and 4 risk score on 2025-02-24 20:17:17
"}
{"time": "2025-02-24T20:17:17.664756+0000", "level": "ERROR", "message": "An Error has occurred: Memory Leak and 7 risk score on 2025-02-24 20:17:17
"}
{"time": "2025-02-24T20:17:17.672150+0000", "level": "CRITICAL", "message": "An Critical Error has occurred: Missing Index Warning and 2 risk score on 2025-02-24 20:17:17
"}
{"time": "2025-02-24T20:17:17.678814+0000", "level": "WARNING", "message": "An Warning has occurred: Inconsistent Data Found and 2 risk score on 2025-02-24 20:17:17
"}
{"time": "2025-02-24T20:17:17.685397+0000", "level": "CRITICAL", "message": "An Critical Error has occurred: Database Connection Lost and 2 risk score on 2025-02-24 20:17:17
"}
{"time": "2025-02-24T20:17:17.691906+0000", "level": "ERROR", "message": "An Error has occurred: Memory Leak and 7 risk score on 2025-02-24 20:17:17
"}
{"time": "2025-02-24T20:17:17.698352+0000", "level": "WARNING", "message": "An Warning has occurred: Too Many Connections and 2 risk score on 2025-02-24 20:17:17
"}
{"time": "2025-02-24T20:17:17.704758+0000", "level": "ERROR", "message": "An Error has occurred: Database Connection Lost and 5 risk score on 2025-02-24 20:17:17
"}
{"time": "2025-02-24T20:17:17.711085+0000", "level": "WARNING", "message": "An Warning has occurred: Too Many Connections and 2 risk score on 2025-02-24 20:17:17
"}
{"time": "2025-02-24T20:17:17.718739+0000", "level": "WARNING", "message": "An Warning has occurred: Missing Index Warning and 2 risk score on 2025-02-24 20:17:17
"}
{"time": "2025-02-24T20:17:17.725020+0000", "level": "CRITICAL", "message": "An Critical Error has occurred: Network Issue and 2 risk score on 2025-02-24 20:17:17
"}
{"time": "2025-02-24T20:17:17.731515+0000", "level": "ERROR", "message": "An Error has occurred: Database Connection Lost and 5 risk score on 2025-02-24 20:17:17
"}
{"time": "2025-02-24T20:17:17.737992+0000", "level": "CRITICAL", "message": "An Critical Error has occurred: Inconsistent Data Found and 2 risk score on 2025-02-24 20:17:17
"}
{"time": "2025-02-24T20:29:09.386181+0000", "level": "CRITICAL", "message": "An Critical Error has occurred: Network Issue and 2 risk score on 2025-02-24 06:55:59
"}
{"time": "2025-02-24T20:29:09.395352+0000", "level": "ERROR", "message": "An Error has occurred: Database Connection Lost and 7 risk score on 2025-02-24 01:36:16
"}
{"time": "2025-02-24T20:29:09.404066+0000", "level": "ERROR", "message": "An Error has occurred: Database Connection Lost and 7 risk score on 2025-02-24 00:43:35
"}
{"time": "2025-02-24T20:29:09.412294+0000", "level": "CRITICAL", "message": "An Critical Error has occurred: Database Connection Lost and 4 risk score on 2025-02-24 06:55:59
"}
{"time": "2025-02-24T20:29:09.420425+0000", "level": "CRITICAL", "message": "An Critical Error has occurred: Too Many Connections and 2 risk score on 2025-02-24 06:55:59
"}
{"time": "2025-02-24T20:29:09.428396+0000", "level": "CRITICAL", "message": "An Critical Error has occurred: Too Many Connections and 2 risk score on 2025-02-24 12:11:15
"}
{"time": "2025-02-24T20:29:09.435443+0000", "level": "ERROR", "message": "An Error has occurred: Database Connection Lost and 7 risk score on 2025-02-23 23:42:33
"}
{"time": "2025-02-24T20:29:09.443168+0000", "level": "ERROR", "message": "An Error has occurred: Memory Leak and 4 risk score on 2025-02-24 11:23:16
"}
{"time": "2025-02-24T20:29:09.449946+0000", "level": "CRITICAL", "message": "An Critical Error has occurred: Database Connection Lost and 4 risk score on 2025-02-24 11:26:45
"}
{"time": "2025-02-24T20:29:09.457362+0000", "level": "WARNING", "message": "An Warning has occurred: Missing Index Warning and 3 risk score on 2025-02-24 01:36:16
"}
{"time": "2025-02-24T20:29:09.464874+0000", "level": "WARNING", "message": "An Warning has occurred: Network Issue and 2 risk score on 2025-02-23 23:42:33
"}
{"time": "2025-02-24T20:29:09.475547+0000", "level": "ERROR", "message": "An Error has occurred: Missing Index Warning and 6 risk score on 2025-02-23 23:42:33
"}
{"time": "2025-02-24T20:29:09.484742+0000", "level": "ERROR", "message": "An Error has occurred: Missing Index Warning and 6 risk score on 2025-02-24 08:23:32
"}
{"time": "2025-02-24T20:29:09.491993+0000", "level": "CRITICAL", "message": "An Critical Error has occurred: Inconsistent Data Found and 2 risk score on 2025-02-24 11:46:36
"}
{"time": "2025-02-24T20:29:09.498767+0000", "level": "CRITICAL", "message": "An Critical Error has occurred: Database Connection Lost and 4 risk score on 2025-02-24 03:23:27
"}
{"time": "2025-02-24T20:29:09.505264+0000", "level": "WARNING", "message": "An Warning has occurred: Too Many Connections and 2 risk score on 2025-02-24 01:36:16
"}
{"time": "2025-02-24T20:29:09.511474+0000", "level": "ERROR", "message": "An Error has occurred: Missing Index Warning and 6 risk score on 2025-02-23 22:42:34
"}
{"time": "2025-02-24T20:29:09.519000+0000", "level": "WARNING", "message": "An Warning has occurred: Database Connection Lost and 4 risk score on 2025-02-24 06:55:59
"}
{"time": "2025-02-24T20:29:09.526106+0000", "level": "ERROR", "message": "An Error has occurred: Network Issue and 5 risk score on 2025-02-24 14:03:14
"}
{"time": "2025-02-24T20:29:09.532833+0000", "level": "CRITICAL", "message": "An Critical Error has occurred: Inconsistent Data Found and 2 risk score on 2025-02-24 11:26:45
"}
{"time": "2025-02-24T20:33:37.689969+0000", "level": "ERROR", "message": "An Error has occurred: Too Many Connections and 5 risk score on 2025-02-24 10:43:08
"}
{"time": "2025-02-24T20:33:37.699049+0000", "level": "ERROR", "message": "An Error has occurred: Inconsistent Data Found and 8 risk score on 2025-02-23 21:28:42
"}
{"time": "2025-02-24T20:33:37.705906+0000", "level": "ERROR", "message": "An Error has occurred: Memory Leak and 5 risk score on 2025-02-24 10:01:40
"}
{"time": "2025-02-24T20:33:37.713147+0000", "level": "WARNING", "message": "An Warning has occurred: Missing Index Warning and 2 risk score on 2025-02-24 15:01:49
"}
{"time": "2025-02-24T20:33:37.720199+0000", "level": "CRITICAL", "message": "An Critical Error has occurred: Inconsistent Data Found and 5 risk score on 2025-02-24 00:46:54
"}
{"time": "2025-02-24T20:33:37.728251+0000", "level": "CRITICAL", "message": "An Critical Error has occurred: Inconsistent Data Found and 5 risk score on 2025-02-24 10:59:12
"}
{"time": "2025-02-24T20:33:37.735282+0000", "level": "CRITICAL", "message": "An Critical Error has occurred: Too Many Connections and 2 risk score on 2025-02-24 00:24:56
"}
{"time": "2025-02-24T20:33:37.742388+0000", "level": "CRITICAL", "message": "An Critical Error has occurred: Inconsistent Data Found and 5 risk score on 2025-02-24 05:46:40
"}
{"time": "2025-02-24T20:33:37.749375+0000", "level": "ERROR", "message": "An Error has occurred: Inconsistent Data Found and 8 risk score on 2025-02-24 06:10:58
"}
{"time": "2025-02-24T20:33:37.757056+0000", "level": "ERROR", "message": "An Error has occurred: Memory Leak and 5 risk score on 2025-02-24 10:43:08
"}
{"time": "2025-02-24T20:33:37.764188+0000", "level": "CRITICAL", "message": "An Critical Error has occurred: Inconsistent Data Found and 5 risk score on 2025-02-24 11:05:22
"}
{"time": "2025-02-24T20:33:37.770968+0000", "level": "WARNING", "message": "An Warning has occurred: Network Issue and 2 risk score on 2025-02-24 00:07:16
"}
{"time": "2025-02-24T20:33:37.778897+0000", "level": "ERROR", "message": "An Error has occurred: Network Issue and 5 risk score on 2025-02-24 17:16:31
"}
{"time": "2025-02-24T20:33:37.785890+0000", "level": "ERROR", "message": "An Error has occurred: Inconsistent Data Found and 8 risk score on 2025-02-24 12:07:10
"}
{"time": "2025-02-24T20:33:37.792569+0000", "level": "CRITICAL", "message": "An Critical Error has occurred: Inconsistent Data Found and 5 risk score on 2025-02-24 06:10:58
"}
{"time": "2025-02-24T20:33:37.799086+0000", "level": "ERROR", "message": "An Error has occurred: Inconsistent Data Found and 8 risk score on 2025-02-24 12:07:10
"}
{"time": "2025-02-24T20:33:37.806081+0000", "level": "WARNING", "message": "An Warning has occurred: Missing Index Warning and 2 risk score on 2025-02-24 10:20:39
"}
{"time": "2025-02-24T20:33:37.812951+0000", "level": "CRITICAL", "message": "An Critical Error has occurred: Database Connection Lost and 2 risk score on 2025-02-24 06:57:14
"}
{"time": "2025-02-24T20:33:37.819462+0000", "level": "WARNING", "message": "An Warning has occurred: Database Connection Lost and 2 risk score on 2025-02-24 07:38:16
"}
{"time": "2025-02-24T20:33:37.826702+0000", "level": "CRITICAL", "message": "An Critical Error has occurred: Too Many Connections and 2 risk score on 2025-02-24 09:04:56
"}
{"time": "2025-02-24T20:40:25.429666+0000", "level": "WARNING", "message": "An Warning has occurred: Network Issue and 2 risk score on 2025-02-24 02:43:46
"}
{"time": "2025-02-24T20:40:25.438527+0000", "level": "ERROR", "message": "An Error has occurred: Memory Leak and 6 risk score on 2025-02-24 02:43:46
"}
{"time": "2025-02-24T20:40:25.445861+0000", "level": "WARNING", "message": "An Warning has occurred: Database Connection Lost and 4 risk score on 2025-02-24 18:59:35
"}
{"time": "2025-02-24T20:40:25.454981+0000", "level": "CRITICAL", "message": "An Critical Error has occurred: Memory Leak and 3 risk score on 2025-02-24 01:02:42
"}
{"time": "2025-02-24T20:40:25.463029+0000", "level": "WARNING", "message": "An Warning has occurred: Database Connection Lost and 4 risk score on 2025-02-24 17:02:19
"}
{"time": "2025-02-24T20:40:25.470770+0000", "level": "WARNING", "message": "An Warning has occurred: Database Connection Lost and 4 risk score on 2025-02-24 01:32:43
"}
{"time": "2025-02-24T20:40:25.478200+0000", "level": "CRITICAL", "message": "An Critical Error has occurred: Inconsistent Data Found and 3 risk score on 2025-02-24 01:56:40
"}
{"time": "2025-02-24T20:40:25.485235+0000", "level": "WARNING", "message": "An Warning has occurred: Missing Index Warning and 1 risk score on 2025-02-24 13:41:38
"}
{"time": "2025-02-24T20:40:25.492220+0000", "level": "WARNING", "message": "An Warning has occurred: Database Connection Lost and 4 risk score on 2025-02-24 10:01:48
"}
{"time": "2025-02-24T20:40:25.498840+0000", "level": "WARNING", "message": "An Warning has occurred: Too Many Connections and 1 risk score on 2025-02-24 01:12:00
"}
{"time": "2025-02-24T20:40:25.505488+0000", "level": "WARNING", "message": "An Warning has occurred: Network Issue and 2 risk score on 2025-02-24 01:02:42
"}
{"time": "2025-02-24T20:40:25.512562+0000", "level": "CRITICAL", "message": "An Critical Error has occurred: Inconsistent Data Found and 3 risk score on 2025-02-24 19:48:09
"}
{"time": "2025-02-24T20:40:25.519754+0000", "level": "WARNING", "message": "An Warning has occurred: Inconsistent Data Found and 3 risk score on 2025-02-24 00:02:40
"}
{"time": "2025-02-24T20:40:25.527224+0000", "level": "CRITICAL", "message": "An Critical Error has occurred: Network Issue and 2 risk score on 2025-02-24 17:02:19
"}
{"time": "2025-02-24T20:40:25.533866+0000", "level": "CRITICAL", "message": "An Critical Error has occurred: Database Connection Lost and 4 risk score on 2025-02-23 23:19:07
"}
{"time": "2025-02-24T20:40:25.540504+0000", "level": "WARNING", "message": "An Warning has occurred: Inconsistent Data Found and 3 risk score on 2025-02-24 16:33:53
"}
{"time": "2025-02-24T20:40:25.547041+0000", "level": "WARNING", "message": "An Warning has occurred: Database Connection Lost and 4 risk score on 2025-02-24 17:02:19
"}
{"time": "2025-02-24T20:40:25.554962+0000", "level": "ERROR", "message": "An Error has occurred: Memory Leak and 6 risk score on 2025-02-23 22:16:14
"}
{"time": "2025-02-24T20:40:25.562413+0000", "level": "WARNING", "message": "An Warning has occurred: Memory Leak and 3 risk score on 2025-02-24 17:25:31
"}
{"time": "2025-02-24T20:40:25.569554+0000", "level": "ERROR", "message": "An Error has occurred: Memory Leak and 6 risk score on 2025-02-24 19:33:18
"}
{"time": "2025-02-24T20:42:30.796640+0000", "level": "ERROR", "message": "An Error has occurred: Inconsistent Data Found and 5 risk score on 2025-02-23 21:48:08
"}
{"time": "2025-02-24T20:42:30.805873+0000", "level": "ERROR", "message": "An Error has occurred: Database Connection Lost and 7 risk score on 2025-02-24 17:17:14
"}
{"time": "2025-02-24T20:42:30.814598+0000", "level": "ERROR", "message": "An Error has occurred: Database Connection Lost and 7 risk score on 2025-02-24 05:49:28
"}
{"time": "2025-02-24T20:42:30.822065+0000", "level": "CRITICAL", "message": "An Critical Error has occurred: Too Many Connections and 3 risk score on 2025-02-24 19:05:21
"}
{"time": "2025-02-24T20:42:30.828962+0000", "level": "WARNING", "message": "An Warning has occurred: Memory Leak and 3 risk score on 2025-02-24 10:41:12
"}
{"time": "2025-02-24T20:42:30.836264+0000", "level": "CRITICAL", "message": "An Critical Error has occurred: Too Many Connections and 3 risk score on 2025-02-24 00:22:43
"}
{"time": "2025-02-24T20:42:30.842640+0000", "level": "ERROR", "message": "An Error has occurred: Network Issue and 5 risk score on 2025-02-24 04:49:14
"}
{"time": "2025-02-24T20:42:30.849312+0000", "level": "WARNING", "message": "An Warning has occurred: Database Connection Lost and 4 risk score on 2025-02-24 05:49:28
"}
{"time": "2025-02-24T20:42:30.856168+0000", "level": "CRITICAL", "message": "An Critical Error has occurred: Database Connection Lost and 4 risk score on 2025-02-24 17:44:16
"}
{"time": "2025-02-24T20:42:30.863148+0000", "level": "CRITICAL", "message": "An Critical Error has occurred: Memory Leak and 3 risk score on 2025-02-24 05:49:28
"}
{"time": "2025-02-24T20:42:30.870391+0000", "level": "ERROR", "message": "An Error has occurred: Database Connection Lost and 7 risk score on 2025-02-24 06:25:31
"}
{"time": "2025-02-24T20:42:30.876657+0000", "level": "WARNING", "message": "An Warning has occurred: Memory Leak and 3 risk score on 2025-02-24 19:05:21
"}
{"time": "2025-02-24T20:42:30.883289+0000", "level": "WARNING", "message": "An Warning has occurred: Database Connection Lost and 4 risk score on 2025-02-23 23:12:26
"}
{"time": "2025-02-24T20:42:30.889698+0000", "level": "ERROR", "message": "An Error has occurred: Missing Index Warning and 4 risk score on 2025-02-24 19:05:21
"}
{"time": "2025-02-24T20:42:30.896601+0000", "level": "WARNING", "message": "An Warning has occurred: Too Many Connections and 3 risk score on 2025-02-24 12:35:40
"}
{"time": "2025-02-24T20:42:30.903005+0000", "level": "ERROR", "message": "An Error has occurred: Network Issue and 5 risk score on 2025-02-24 06:25:31
"}
{"time": "2025-02-24T20:42:30.909312+0000", "level": "WARNING", "message": "An Warning has occurred: Too Many Connections and 3 risk score on 2025-02-24 13:11:07
"}
{"time": "2025-02-24T20:42:30.916133+0000", "level": "ERROR", "message": "An Error has occurred: Network Issue and 5 risk score on 2025-02-24 19:05:21
"}
{"time": "2025-02-24T20:42:30.922351+0000", "level": "WARNING", "message": "An Warning has occurred: Inconsistent Data Found and 2 risk score on 2025-02-23 23:44:18
"}
{"time": "2025-02-24T20:42:30.929069+0000", "level": "CRITICAL", "message": "An Critical Error has occurred: Memory Leak and 3 risk score on 2025-02-24 10:41:25
"}
{"time": "2025-02-24T20:46:05.936637+0000", "level": "WARNING", "message": "An Warning has occurred: Memory Leak and 3 risk score on 2025-02-24 02:06:35
"}
{"time": "2025-02-24T20:46:05.945778+0000", "level": "ERROR", "message": "An Error has occurred: Network Issue and 5 risk score on 2025-02-24 14:39:41
"}
{"time": "2025-02-24T20:46:05.953156+0000", "level": "CRITICAL", "message": "An Critical Error has occurred: Missing Index Warning and 3 risk score on 2025-02-24 07:47:21
"}
{"time": "2025-02-24T20:46:05.960060+0000", "level": "CRITICAL", "message": "An Critical Error has occurred: Too Many Connections and 3 risk score on 2025-02-24 15:34:29
"}
{"time": "2025-02-24T20:46:05.967517+0000", "level": "CRITICAL", "message": "An Critical Error has occurred: Too Many Connections and 3 risk score on 2025-02-24 05:31:07
"}
{"time": "2025-02-24T20:46:05.975258+0000", "level": "WARNING", "message": "An Warning has occurred: Network Issue and 2 risk score on 2025-02-24 14:50:01
"}
{"time": "2025-02-24T20:46:05.981941+0000", "level": "ERROR", "message": "An Error has occurred: Inconsistent Data Found and 5 risk score on 2025-02-24 01:29:30
"}
{"time": "2025-02-24T20:46:05.989197+0000", "level": "CRITICAL", "message": "An Critical Error has occurred: Database Connection Lost and 2 risk score on 2025-02-24 11:52:27
"}
{"time": "2025-02-24T20:46:05.996764+0000", "level": "CRITICAL", "message": "An Critical Error has occurred: Missing Index Warning and 3 risk score on 2025-02-24 15:34:29
"}
{"time": "2025-02-24T20:46:06.005759+0000", "level": "ERROR", "message": "An Error has occurred: Missing Index Warning and 6 risk score on 2025-02-24 18:26:46
"}
{"time": "2025-02-24T20:46:06.013799+0000", "level": "CRITICAL", "message": "An Critical Error has occurred: Memory Leak and 3 risk score on 2025-02-23 23:48:07
"}
{"time": "2025-02-24T20:46:06.020898+0000", "level": "CRITICAL", "message": "An Critical Error has occurred: Memory Leak and 3 risk score on 2025-02-24 04:37:46
"}
{"time": "2025-02-24T20:46:06.028091+0000", "level": "CRITICAL", "message": "An Critical Error has occurred: Too Many Connections and 3 risk score on 2025-02-24 01:29:30
"}
{"time": "2025-02-24T20:46:06.034864+0000", "level": "WARNING", "message": "An Warning has occurred: Database Connection Lost and 2 risk score on 2025-02-24 14:50:01
"}
{"time": "2025-02-24T20:46:06.041017+0000", "level": "CRITICAL", "message": "An Critical Error has occurred: Memory Leak and 3 risk score on 2025-02-24 15:20:48
"}
{"time": "2025-02-24T20:46:06.047904+0000", "level": "ERROR", "message": "An Error has occurred: Inconsistent Data Found and 5 risk score on 2025-02-23 21:53:29
"}
{"time": "2025-02-24T20:46:06.055562+0000", "level": "ERROR", "message": "An Error has occurred: Too Many Connections and 6 risk score on 2025-02-24 03:29:22
"}
{"time": "2025-02-24T20:46:06.062630+0000", "level": "WARNING", "message": "An Warning has occurred: Missing Index Warning and 3 risk score on 2025-02-24 07:37:57
"}
{"time": "2025-02-24T20:46:06.069824+0000", "level": "CRITICAL", "message": "An Critical Error has occurred: Memory Leak and 3 risk score on 2025-02-24 05:31:07
"}
{"time": "2025-02-24T20:46:06.077445+0000", "level": "ERROR", "message": "An Error has occurred: Too Many Connections and 6 risk score on 2025-02-24 02:12:59
"}
{"time": "2025-02-24T20:50:19.116758+0000", "level": "WARNING", "message": "An Warning has occurred: Database Connection Lost and 3 risk score on 2025-02-23 20:50:44
"}
{"time": "2025-02-24T20:50:19.130887+0000", "level": "CRITICAL", "message": "An Critical Error has occurred: Missing Index Warning and 1 risk score on 2025-02-23 21:04:52
"}
{"time": "2025-02-24T20:50:19.140017+0000", "level": "WARNING", "message": "An Warning has occurred: Too Many Connections and 2 risk score on 2025-02-24 00:38:04
"}
{"time": "2025-02-24T20:50:19.147400+0000", "level": "WARNING", "message": "An Warning has occurred: Memory Leak and 2 risk score on 2025-02-24 05:23:11
"}
{"time": "2025-02-24T20:50:19.154264+0000", "level": "WARNING", "message": "An Warning has occurred: Network Issue and 5 risk score on 2025-02-24 04:25:52
"}
{"time": "2025-02-24T20:50:19.160974+0000", "level": "ERROR", "message": "An Error has occurred: Network Issue and 8 risk score on 2025-02-24 00:38:04
"}
{"time": "2025-02-24T20:50:19.167821+0000", "level": "WARNING", "message": "An Warning has occurred: Database Connection Lost and 3 risk score on 2025-02-24 08:02:06
"}
{"time": "2025-02-24T20:50:19.175564+0000", "level": "WARNING", "message": "An Warning has occurred: Network Issue and 5 risk score on 2025-02-24 00:38:04
"}
{"time": "2025-02-24T20:50:19.182659+0000", "level": "WARNING", "message": "An Warning has occurred: Too Many Connections and 2 risk score on 2025-02-24 08:02:06
"}
{"time": "2025-02-24T20:50:19.189821+0000", "level": "CRITICAL", "message": "An Critical Error has occurred: Inconsistent Data Found and 1 risk score on 2025-02-24 19:58:22
"}
{"time": "2025-02-24T20:50:19.195997+0000", "level": "ERROR", "message": "An Error has occurred: Database Connection Lost and 6 risk score on 2025-02-24 19:07:53
"}
{"time": "2025-02-24T20:50:19.203510+0000", "level": "ERROR", "message": "An Error has occurred: Network Issue and 8 risk score on 2025-02-24 00:59:16
"}
{"time": "2025-02-24T20:50:19.212288+0000", "level": "CRITICAL", "message": "An Critical Error has occurred: Database Connection Lost and 3 risk score on 2025-02-24 15:04:57
"}
{"time": "2025-02-24T20:50:19.219309+0000", "level": "ERROR", "message": "An Error has occurred: Network Issue and 8 risk score on 2025-02-24 09:42:38
"}
{"time": "2025-02-24T20:50:19.228542+0000", "level": "ERROR", "message": "An Error has occurred: Memory Leak and 5 risk score on 2025-02-24 04:25:52
"}
{"time": "2025-02-24T20:50:19.235905+0000", "level": "CRITICAL", "message": "An Critical Error has occurred: Too Many Connections and 2 risk score on 2025-02-24 02:51:24
"}
{"time": "2025-02-24T20:50:19.242850+0000", "level": "WARNING", "message": "An Warning has occurred: Database Connection Lost and 3 risk score on 2025-02-24 04:22:56
"}
{"time": "2025-02-24T20:50:19.250583+0000", "level": "CRITICAL", "message": "An Critical Error has occurred: Network Issue and 5 risk score on 2025-02-24 16:59:05
"}
{"time": "2025-02-24T20:50:19.257326+0000", "level": "WARNING", "message": "An Warning has occurred: Network Issue and 5 risk score on 2025-02-24 08:02:06
"}
{"time": "2025-02-24T20:50:19.264568+0000", "level": "ERROR", "message": "An Error has occurred: Network Issue and 8 risk score on 2025-02-24 08:02:06
"}
{"time": "2025-02-24T20:51:02.279304+0000", "level": "CRITICAL", "message": "An Critical Error has occurred: Database Connection Lost and 4 risk score on 2025-02-24 00:40:44
"}
{"time": "2025-02-24T20:51:02.288391+0000", "level": "CRITICAL", "message": "An Critical Error has occurred: Database Connection Lost and 4 risk score on 2025-02-24 04:13:35
"}
{"time": "2025-02-24T20:51:02.295766+0000", "level": "WARNING", "message": "An Warning has occurred: Memory Leak and 3 risk score on 2025-02-24 18:27:43
"}
{"time": "2025-02-24T20:51:02.303252+0000", "level": "WARNING", "message": "An Warning has occurred: Too Many Connections and 2 risk score on 2025-02-24 15:38:28
"}
{"time": "2025-02-24T20:51:02.310461+0000", "level": "ERROR", "message": "An Error has occurred: Memory Leak and 6 risk score on 2025-02-24 17:54:41
"}
{"time": "2025-02-24T20:51:02.318678+0000", "level": "WARNING", "message": "An Warning has occurred: Network Issue and 3 risk score on 2025-02-24 03:42:11
"}
{"time": "2025-02-24T20:51:02.329250+0000", "level": "WARNING", "message": "An Warning has occurred: Network Issue and 3 risk score on 2025-02-24 15:21:05
"}
{"time": "2025-02-24T20:51:02.338787+0000", "level": "ERROR", "message": "An Error has occurred: Memory Leak and 6 risk score on 2025-02-24 15:21:05
"}
{"time": "2025-02-24T20:51:02.346279+0000", "level": "ERROR", "message": "An Error has occurred: Database Connection Lost and 7 risk score on 2025-02-24 05:06:28
"}
{"time": "2025-02-24T20:51:02.352985+0000", "level": "CRITICAL", "message": "An Critical Error has occurred: Database Connection Lost and 4 risk score on 2025-02-24 10:47:32
"}
{"time": "2025-02-24T20:51:02.359433+0000", "level": "ERROR", "message": "An Error has occurred: Inconsistent Data Found and 4 risk score on 2025-02-24 12:02:32
"}
{"time": "2025-02-24T20:51:02.366716+0000", "level": "ERROR", "message": "An Error has occurred: Database Connection Lost and 7 risk score on 2025-02-23 22:34:22
"}
{"time": "2025-02-24T20:51:02.374051+0000", "level": "CRITICAL", "message": "An Critical Error has occurred: Network Issue and 3 risk score on 2025-02-24 18:27:43
"}
{"time": "2025-02-24T20:51:02.382147+0000", "level": "CRITICAL", "message": "An Critical Error has occurred: Missing Index Warning and 2 risk score on 2025-02-24 07:56:43
"}
{"time": "2025-02-24T20:51:02.390894+0000", "level": "ERROR", "message": "An Error has occurred: Too Many Connections and 5 risk score on 2025-02-24 04:03:24
"}
{"time": "2025-02-24T20:51:02.397197+0000", "level": "CRITICAL", "message": "An Critical Error has occurred: Missing Index Warning and 2 risk score on 2025-02-24 05:21:15
"}
{"time": "2025-02-24T20:51:02.404730+0000", "level": "WARNING", "message": "An Warning has occurred: Network Issue and 3 risk score on 2025-02-24 03:06:21
"}
{"time": "2025-02-24T20:51:02.412223+0000", "level": "ERROR", "message": "An Error has occurred: Memory Leak and 6 risk score on 2025-02-24 09:44:53
"}
{"time": "2025-02-24T20:51:02.419986+0000", "level": "WARNING", "message": "An Warning has occurred: Database Connection Lost and 4 risk score on 2025-02-24 12:02:32
"}
{"time": "2025-02-24T20:51:02.429127+0000", "level": "ERROR", "message": "An Error has occurred: Too Many Connections and 5 risk score on 2025-02-24 15:38:28
"}
{"time": "2025-02-24T20:53:44.111202+0000", "level": "WARNING", "message": "An Warning has occurred: Too Many Connections and 4 risk score on 2025-02-24 04:20:00
"}
{"time": "2025-02-24T20:53:44.119946+0000", "level": "WARNING", "message": "An Warning has occurred: Missing Index Warning and 2 risk score on 2025-02-24 10:16:43
"}
{"time": "2025-02-24T20:53:44.128000+0000", "level": "ERROR", "message": "An Error has occurred: Inconsistent Data Found and 5 risk score on 2025-02-24 10:16:43
"}
{"time": "2025-02-24T20:53:44.136279+0000", "level": "WARNING", "message": "An Warning has occurred: Network Issue and 3 risk score on 2025-02-24 03:52:43
"}
{"time": "2025-02-24T20:53:44.143747+0000", "level": "CRITICAL", "message": "An Critical Error has occurred: Too Many Connections and 4 risk score on 2025-02-24 11:46:28
"}
{"time": "2025-02-24T20:53:44.151203+0000", "level": "CRITICAL", "message": "An Critical Error has occurred: Memory Leak and 1 risk score on 2025-02-24 13:36:32
"}
{"time": "2025-02-24T20:53:44.158526+0000", "level": "ERROR", "message": "An Error has occurred: Database Connection Lost and 5 risk score on 2025-02-24 03:52:43
"}
{"time": "2025-02-24T20:53:44.165367+0000", "level": "ERROR", "message": "An Error has occurred: Inconsistent Data Found and 5 risk score on 2025-02-24 20:49:44
"}
{"time": "2025-02-24T20:53:44.172131+0000", "level": "WARNING", "message": "An Warning has occurred: Too Many Connections and 4 risk score on 2025-02-24 13:20:19
"}
{"time": "2025-02-24T20:53:44.179381+0000", "level": "CRITICAL", "message": "An Critical Error has occurred: Missing Index Warning and 2 risk score on 2025-02-24 15:01:55
"}
{"time": "2025-02-24T20:53:44.185561+0000", "level": "CRITICAL", "message": "An Critical Error has occurred: Network Issue and 3 risk score on 2025-02-24 19:18:57
"}
{"time": "2025-02-24T20:53:44.192564+0000", "level": "WARNING", "message": "An Warning has occurred: Too Many Connections and 4 risk score on 2025-02-24 17:03:07
"}
{"time": "2025-02-24T20:53:44.200050+0000", "level": "CRITICAL", "message": "An Critical Error has occurred: Network Issue and 3 risk score on 2025-02-24 20:47:43
"}
{"time": "2025-02-24T20:53:44.207703+0000", "level": "CRITICAL", "message": "An Critical Error has occurred: Database Connection Lost and 2 risk score on 2025-02-24 00:26:22
"}
{"time": "2025-02-24T20:53:44.213683+0000", "level": "ERROR", "message": "An Error has occurred: Inconsistent Data Found and 5 risk score on 2025-02-24 00:56:10
"}
{"time": "2025-02-24T20:53:44.219769+0000", "level": "ERROR", "message": "An Error has occurred: Missing Index Warning and 5 risk score on 2025-02-24 15:33:25
"}
{"time": "2025-02-24T20:53:44.226997+0000", "level": "ERROR", "message": "An Error has occurred: Too Many Connections and 7 risk score on 2025-02-24 00:56:10
"}
{"time": "2025-02-24T20:53:44.233544+0000", "level": "CRITICAL", "message": "An Critical Error has occurred: Network Issue and 3 risk score on 2025-02-24 20:49:44
"}
{"time": "2025-02-24T20:53:44.240836+0000", "level": "CRITICAL", "message": "An Critical Error has occurred: Too Many Connections and 4 risk score on 2025-02-24 16:55:38
"}
{"time": "2025-02-24T20:53:44.248632+0000", "level": "CRITICAL", "message": "An Critical Error has occurred: Too Many Connections and 4 risk score on 2025-02-24 14:21:53
"}
{"time": "2025-02-24T21:04:04.992363+0000", "level": "WARNING", "message": "An Warning has occurred: Missing Index Warning and 4 risk score on 2025-02-23 22:46:52
"}
{"time": "2025-02-24T21:04:05.001345+0000", "level": "CRITICAL", "message": "An Critical Error has occurred: Network Issue and 3 risk score on 2025-02-24 17:56:30
"}
{"time": "2025-02-24T21:04:05.009379+0000", "level": "WARNING", "message": "An Warning has occurred: Network Issue and 3 risk score on 2025-02-24 17:41:06
"}
{"time": "2025-02-24T21:04:05.017045+0000", "level": "ERROR", "message": "An Error has occurred: Memory Leak and 6 risk score on 2025-02-23 22:37:16
"}
{"time": "2025-02-24T21:04:05.024424+0000", "level": "WARNING", "message": "An Warning has occurred: Inconsistent Data Found and 1 risk score on 2025-02-24 09:49:07
"}
{"time": "2025-02-24T21:04:05.033704+0000", "level": "CRITICAL", "message": "An Critical Error has occurred: Network Issue and 3 risk score on 2025-02-24 17:41:06
"}
{"time": "2025-02-24T21:04:05.042156+0000", "level": "WARNING", "message": "An Warning has occurred: Database Connection Lost and 2 risk score on 2025-02-23 22:18:53
"}
{"time": "2025-02-24T21:04:05.049844+0000", "level": "ERROR", "message": "An Error has occurred: Missing Index Warning and 7 risk score on 2025-02-24 16:04:35
"}
{"time": "2025-02-24T21:04:05.057628+0000", "level": "ERROR", "message": "An Error has occurred: Too Many Connections and 4 risk score on 2025-02-24 01:39:23
"}
{"time": "2025-02-24T21:04:05.064970+0000", "level": "WARNING", "message": "An Warning has occurred: Missing Index Warning and 4 risk score on 2025-02-24 01:16:02
"}
{"time": "2025-02-24T21:04:05.071879+0000", "level": "ERROR", "message": "An Error has occurred: Network Issue and 6 risk score on 2025-02-24 09:49:07
"}
{"time": "2025-02-24T21:04:05.079066+0000", "level": "WARNING", "message": "An Warning has occurred: Missing Index Warning and 4 risk score on 2025-02-24 17:56:30
"}
{"time": "2025-02-24T21:04:05.086470+0000", "level": "WARNING", "message": "An Warning has occurred: Missing Index Warning and 4 risk score on 2025-02-23 22:37:16
"}
{"time": "2025-02-24T21:04:05.094216+0000", "level": "ERROR", "message": "An Error has occurred: Database Connection Lost and 5 risk score on 2025-02-24 17:41:06
"}
{"time": "2025-02-24T21:04:05.101646+0000", "level": "WARNING", "message": "An Warning has occurred: Database Connection Lost and 2 risk score on 2025-02-23 23:26:32
"}
{"time": "2025-02-24T21:04:05.111511+0000", "level": "CRITICAL", "message": "An Critical Error has occurred: Missing Index Warning and 4 risk score on 2025-02-23 23:12:55
"}
{"time": "2025-02-24T21:04:05.119487+0000", "level": "WARNING", "message": "An Warning has occurred: Memory Leak and 3 risk score on 2025-02-24 09:49:07
"}
{"time": "2025-02-24T21:04:05.126653+0000", "level": "CRITICAL", "message": "An Critical Error has occurred: Memory Leak and 3 risk score on 2025-02-24 00:22:40
"}
{"time": "2025-02-24T21:04:05.134233+0000", "level": "ERROR", "message": "An Error has occurred: Memory Leak and 6 risk score on 2025-02-24 09:32:25
"}
{"time": "2025-02-24T21:04:05.142059+0000", "level": "ERROR", "message": "An Error has occurred: Network Issue and 6 risk score on 2025-02-24 17:11:57
"}
{"time": "2025-02-24T21:05:30.824423+0000", "level": "ERROR", "message": "An Error has occurred: Memory Leak and 6 risk score on 2025-02-24 08:48:24
"}
{"time": "2025-02-24T21:05:30.833104+0000", "level": "ERROR", "message": "An Error has occurred: Memory Leak and 6 risk score on 2025-02-24 17:14:28
"}
{"time": "2025-02-24T21:05:30.840549+0000", "level": "CRITICAL", "message": "An Critical Error has occurred: Network Issue and 2 risk score on 2025-02-24 06:58:58
"}
{"time": "2025-02-24T21:05:30.847591+0000", "level": "WARNING", "message": "An Warning has occurred: Memory Leak and 3 risk score on 2025-02-23 21:32:24
"}
{"time": "2025-02-24T21:05:30.855005+0000", "level": "CRITICAL", "message": "An Critical Error has occurred: Missing Index Warning and 2 risk score on 2025-02-24 13:12:32
"}
{"time": "2025-02-24T21:05:30.862860+0000", "level": "ERROR", "message": "An Error has occurred: Inconsistent Data Found and 5 risk score on 2025-02-23 21:50:20
"}
{"time": "2025-02-24T21:05:30.871429+0000", "level": "ERROR", "message": "An Error has occurred: Inconsistent Data Found and 5 risk score on 2025-02-23 21:50:20
"}
{"time": "2025-02-24T21:05:30.879120+0000", "level": "CRITICAL", "message": "An Critical Error has occurred: Network Issue and 2 risk score on 2025-02-24 16:07:43
"}
{"time": "2025-02-24T21:05:30.885971+0000", "level": "CRITICAL", "message": "An Critical Error has occurred: Missing Index Warning and 2 risk score on 2025-02-23 21:32:24
"}
{"time": "2025-02-24T21:05:30.893421+0000", "level": "WARNING", "message": "An Warning has occurred: Database Connection Lost and 2 risk score on 2025-02-24 20:24:45
"}
{"time": "2025-02-24T21:05:30.900267+0000", "level": "CRITICAL", "message": "An Critical Error has occurred: Memory Leak and 3 risk score on 2025-02-24 03:11:31
"}
{"time": "2025-02-24T21:05:30.907634+0000", "level": "WARNING", "message": "An Warning has occurred: Database Connection Lost and 2 risk score on 2025-02-24 03:11:31
"}
{"time": "2025-02-24T21:05:30.914056+0000", "level": "ERROR", "message": "An Error has occurred: Too Many Connections and 6 risk score on 2025-02-24 16:29:10
"}
{"time": "2025-02-24T21:05:30.921409+0000", "level": "WARNING", "message": "An Warning has occurred: Too Many Connections and 3 risk score on 2025-02-23 21:50:20
"}
{"time": "2025-02-24T21:05:30.928013+0000", "level": "WARNING", "message": "An Warning has occurred: Memory Leak and 3 risk score on 2025-02-24 01:10:13
"}
{"time": "2025-02-24T21:05:30.937035+0000", "level": "ERROR", "message": "An Error has occurred: Too Many Connections and 6 risk score on 2025-02-24 18:54:58
"}
{"time": "2025-02-24T21:05:30.944881+0000", "level": "CRITICAL", "message": "An Critical Error has occurred: Too Many Connections and 3 risk score on 2025-02-23 21:50:20

